Arguments: 
  /Users/James/.nvm/versions/node/v11.12.0/bin/node /usr/local/bin/yarn start

PATH: 
  /Users/James/.nvm/versions/node/v11.12.0/bin:/Users/James/flutter/bin:/anaconda3/bin:/Library/Frameworks/Python.framework/Versions/3.6/bin:/usr/local/bin:/usr/bin:/bin:/usr/sbin:/sbin:/Users/James/apache-maven-3.6.1/bin:/Users/James/mygo/bin:/usr/local/Cellar/go/1.10.3/libexec/bin

Yarn version: 
  1.5.1

Node version: 
  11.12.0

Platform: 
  darwin x64

npm manifest: 
  {
    "name": "mmall",
    "version": "1.0.0",
    "description": "mmall fe",
    "private": true,
    "scripts": {
      "test": "echo \"Error: no test specified\" && exit 1",
      "build": "webpack",
      "start:dev": "webpack-dev-server"
    },
    "keywords": [],
    "author": "James",
    "license": "ISC",
    "devDependencies": {
      "babel-core": "^6.26.3",
      "babel-loader": "^8.0.4",
      "babel-preset-es2015": "^6.24.1",
      "clean-webpack-plugin": "^1.0.0",
      "extract-text-webpack-plugin": "^4.0.0-beta.0",
      "file-loader": "^3.0.1",
      "html-loader": "^0.5.5",
      "html-webpack-plugin": "^3.2.0",
      "mini-css-extract-plugin": "^0.5.0",
      "url-loader": "^1.1.2",
      "webpack": "^4.27.1",
      "webpack-cli": "^3.1.2",
      "webpack-dev-server": "^3.1.14"
    },
    "dependencies": {
      "css-loader": "^2.0.1",
      "font-awesome": "^4.7.0",
      "hogan": "^1.0.2",
      "hogan.js": "^3.0.2",
      "lodash": "^4.17.11",
      "npm": "^6.8.0",
      "style-loader": "^0.23.1"
    }
  }

yarn manifest: 
  No manifest

Lockfile: 
  No lockfile

Trace: 
  Error: Command "start" not found.
      at new MessageError (/usr/local/lib/node_modules/yarn/lib/cli.js:186:110)
      at /usr/local/lib/node_modules/yarn/lib/cli.js:87307:17
      at Generator.next (<anonymous>)
      at step (/usr/local/lib/node_modules/yarn/lib/cli.js:98:30)
      at /usr/local/lib/node_modules/yarn/lib/cli.js:116:14
      at new Promise (<anonymous>)
      at new F (/usr/local/lib/node_modules/yarn/lib/cli.js:23451:28)
      at /usr/local/lib/node_modules/yarn/lib/cli.js:95:12
      at runCommand (/usr/local/lib/node_modules/yarn/lib/cli.js:87312:22)
      at Object.<anonymous> (/usr/local/lib/node_modules/yarn/lib/cli.js:87412:14)
